<?xml version="1.0" encoding="UTF-8"?>
<!-- Generated by org.testng.reporters.JUnitReportReporter -->
<testsuite hostname="DESKTOP-S4MCD75" failures="0" tests="3" name="org.testng.Test1" time="22.815" errors="0" timestamp="25 Mar 2022 11:32:06 GMT" skipped="0">
  <testcase classname="org.testng.Test1" name="test1" time="7.402"/>
  <testcase classname="org.testng.Test1" name="test3" time="8.144"/>
  <testcase classname="org.testng.Test1" name="test2" time="7.269"/>
</testsuite> <!-- org.testng.Test1 -->
