<?xml version="1.0" encoding="UTF-8"?>
<!-- Generated by org.testng.reporters.JUnitReportReporter -->
<testsuite hostname="DESKTOP-S4MCD75" failures="0" tests="2" name="org.testng.TestN" time="21.662" errors="0" timestamp="25 Mar 2022 10:47:27 GMT" skipped="0">
  <testcase classname="org.testng.TestN" name="test2" time="11.885"/>
  <testcase classname="org.testng.TestN" name="test1" time="9.777"/>
</testsuite> <!-- org.testng.TestN -->
