<?xml version="1.0" encoding="UTF-8"?>
<!-- Generated by org.testng.reporters.JUnitReportReporter -->
<testsuite hostname="DESKTOP-S4MCD75" failures="0" tests="1" name="org.testng.Testhome" time="42.056" errors="0" timestamp="29 Mar 2022 05:20:35 GMT" skipped="0">
  <testcase classname="org.testng.Testhome" name="test" time="42.056"/>
</testsuite> <!-- org.testng.Testhome -->
