<?xml version="1.0" encoding="UTF-8"?>
<!-- Generated by org.testng.reporters.JUnitReportReporter -->
<testsuite hostname="DESKTOP-S4MCD75" failures="0" tests="1" name="org.testng.TestHome2" time="25.206" errors="0" timestamp="29 Mar 2022 05:21:15 GMT" skipped="0">
  <testcase classname="org.testng.TestHome2" name="test" time="25.206"/>
</testsuite> <!-- org.testng.TestHome2 -->
